<?xml version="1.0" encoding="UTF-8"?>
<testng-results skipped="0" failed="0" ignored="0" total="1" passed="1">
  <reporter-output>
  </reporter-output>
  <suite name="Default suite" duration-ms="39729" started-at="2020-05-02T13:17:18Z" finished-at="2020-05-02T13:17:58Z">
    <groups>
    </groups>
    <test name="Default test" duration-ms="39729" started-at="2020-05-02T13:17:18Z" finished-at="2020-05-02T13:17:58Z">
      <class name="pom.testcases.TC001">
        <test-method status="PASS" signature="beforeSuite()[pri:0, instance:pom.testcases.TC001@3abbfa04]" name="beforeSuite" is-config="true" duration-ms="97" started-at="2020-05-02T13:17:18Z" finished-at="2020-05-02T13:17:18Z">
          <reporter-output>
          </reporter-output>
        </test-method> <!-- beforeSuite -->
        <test-method status="PASS" signature="beforeTest()[pri:0, instance:pom.testcases.TC001@3abbfa04]" name="beforeTest" is-config="true" duration-ms="0" started-at="2020-05-02T13:17:18Z" finished-at="2020-05-02T13:17:18Z">
          <reporter-output>
          </reporter-output>
        </test-method> <!-- beforeTest -->
        <test-method status="PASS" signature="beforeClass()[pri:0, instance:pom.testcases.TC001@3abbfa04]" name="beforeClass" is-config="true" duration-ms="2" started-at="2020-05-02T13:17:18Z" finished-at="2020-05-02T13:17:18Z">
          <reporter-output>
          </reporter-output>
        </test-method> <!-- beforeClass -->
        <test-method status="PASS" signature="beforeMethod()[pri:0, instance:pom.testcases.TC001@3abbfa04]" name="beforeMethod" is-config="true" duration-ms="14615" started-at="2020-05-02T13:17:18Z" finished-at="2020-05-02T13:17:33Z">
          <reporter-output>
          </reporter-output>
        </test-method> <!-- beforeMethod -->
        <test-method status="PASS" signature="irctcRegPage()[pri:0, instance:pom.testcases.TC001@3abbfa04]" name="irctcRegPage" duration-ms="24418" started-at="2020-05-02T13:17:33Z" finished-at="2020-05-02T13:17:57Z">
          <reporter-output>
          </reporter-output>
        </test-method> <!-- irctcRegPage -->
        <test-method status="PASS" signature="afterMethod()[pri:0, instance:pom.testcases.TC001@3abbfa04]" name="afterMethod" is-config="true" duration-ms="680" started-at="2020-05-02T13:17:57Z" finished-at="2020-05-02T13:17:58Z">
          <reporter-output>
          </reporter-output>
        </test-method> <!-- afterMethod -->
        <test-method status="PASS" signature="afterClass()[pri:0, instance:pom.testcases.TC001@3abbfa04]" name="afterClass" is-config="true" duration-ms="1" started-at="2020-05-02T13:17:58Z" finished-at="2020-05-02T13:17:58Z">
          <reporter-output>
          </reporter-output>
        </test-method> <!-- afterClass -->
        <test-method status="PASS" signature="afterTest()[pri:0, instance:pom.testcases.TC001@3abbfa04]" name="afterTest" is-config="true" duration-ms="0" started-at="2020-05-02T13:17:58Z" finished-at="2020-05-02T13:17:58Z">
          <reporter-output>
          </reporter-output>
        </test-method> <!-- afterTest -->
        <test-method status="PASS" signature="afterSuite()[pri:0, instance:pom.testcases.TC001@3abbfa04]" name="afterSuite" is-config="true" duration-ms="205" started-at="2020-05-02T13:17:58Z" finished-at="2020-05-02T13:17:58Z">
          <reporter-output>
          </reporter-output>
        </test-method> <!-- afterSuite -->
      </class> <!-- pom.testcases.TC001 -->
    </test> <!-- Default test -->
  </suite> <!-- Default suite -->
</testng-results>
